<?xml version="1.0" encoding="UTF-8"?>
<!-- Generated by org.testng.reporters.JUnitXMLReporter -->
<testsuite ignored="0" hostname="RAVAN_PC" failures="1" tests="2" name="RESTassuredProject01" time="1.834" errors="0" timestamp="2023-03-22T18:09:23 IST">
  <testcase classname="APITests" name="test01" time="1.622">
    <failure type="java.lang.AssertionError" message="expected [201] but found [200]">
      <![CDATA[java.lang.AssertionError: expected [201] but found [200]
at APITests.test01(APITests.java:21)
at java.base/java.util.ArrayList.forEach(ArrayList.java:1511)
at com.intellij.rt.testng.IDEARemoteTestNG.run(IDEARemoteTestNG.java:66)
at com.intellij.rt.testng.RemoteTestNGStarter.main(RemoteTestNGStarter.java:109)
... Removed 29 stack frames]]>
    </failure>
  </testcase> <!-- test01 -->
  <testcase classname="APITests" name="test02" time="0.158"/>
</testsuite> <!-- RESTassuredProject01 -->
